# JRE version: OpenJDK Runtime Environment (11.0.10) (build 11.0.10+0-b96-7249189)
# Java VM: OpenJDK 64-Bit Server VM (11.0.10+0-b96-7249189, mixed mode, tiered, compressed oops, g1 gc, windows-amd64)
Heap:
 garbage-first heap   total 262144K, used 156889K [0x0000000700800000, 0x0000000800000000)
  region size 1024K, 149 young (152576K), 5 survivors (5120K)
 Metaspace       used 16233K, capacity 16502K, committed 16768K, reserved 1064960K
  class space    used 1796K, capacity 1908K, committed 1920K, reserved 1048576K
GC Heap History (6 events):
Event: 0.663 GC heap before
{Heap before GC invocations=0 (full 0):
 garbage-first heap   total 262144K, used 29696K [0x0000000700800000, 0x0000000800000000)
  region size 1024K, 24 young (24576K), 0 survivors (0K)
 Metaspace       used 11167K, capacity 11432K, committed 11648K, reserved 1058816K
  class space    used 1210K, capacity 1301K, committed 1408K, reserved 1048576K
}
Event: 0.667 GC heap after
{Heap after GC invocations=1 (full 0):
 garbage-first heap   total 262144K, used 8606K [0x0000000700800000, 0x0000000800000000)
  region size 1024K, 3 young (3072K), 3 survivors (3072K)
 Metaspace       used 11167K, capacity 11432K, committed 11648K, reserved 1058816K
  class space    used 1210K, capacity 1301K, committed 1408K, reserved 1048576K
}
Event: 41.161 GC heap before
{Heap before GC invocations=1 (full 0):
 garbage-first heap   total 262144K, used 149918K [0x0000000700800000, 0x0000000800000000)
  region size 1024K, 141 young (144384K), 3 survivors (3072K)
 Metaspace       used 15995K, capacity 16304K, committed 16512K, reserved 1064960K
  class space    used 1793K, capacity 1907K, committed 1920K, reserved 1048576K
}
Event: 41.166 GC heap after
{Heap after GC invocations=2 (full 0):
 garbage-first heap   total 262144K, used 10509K [0x0000000700800000, 0x0000000800000000)
  region size 1024K, 5 young (5120K), 5 survivors (5120K)
 Metaspace       used 15995K, capacity 16304K, committed 16512K, reserved 1064960K
  class space    used 1793K, capacity 1907K, committed 1920K, reserved 1048576K
}
Event: 93.617 GC heap before
{Heap before GC invocations=2 (full 0):
 garbage-first heap   total 262144K, used 162061K [0x0000000700800000, 0x0000000800000000)
  region size 1024K, 153 young (156672K), 5 survivors (5120K)
 Metaspace       used 16108K, capacity 16374K, committed 16512K, reserved 1064960K
  class space    used 1794K, capacity 1908K, committed 1920K, reserved 1048576K
}
Event: 93.621 GC heap after
{Heap after GC invocations=3 (full 0):
 garbage-first heap   total 262144K, used 10457K [0x0000000700800000, 0x0000000800000000)
  region size 1024K, 5 young (5120K), 5 survivors (5120K)
 Metaspace       used 16108K, capacity 16374K, committed 16512K, reserved 1064960K
  class space    used 1794K, capacity 1908K, committed 1920K, reserved 1048576K
}

